<html>
<body>
<pre>
<h1>µVision Build Log</h1>
<h2>Tool Versions:</h2>
IDE-Version: ¦ÌVision V5.14.0.0
Copyright (C) 2015 ARM Ltd and ARM Germany GmbH. All rights reserved.
License Information: a a, a, LIC=UB401-CHZGK-59WGZ-JX8TG-WLZ2N-JSCAA
 
Tool Versions:
Toolchain:       MDK-ARM Professional  Version: 5.14.0.0
Toolchain Path:  C:\Keil_v5\ARM\ARMCC\Bin
C Compiler:      Armcc.exe V5.05 update 1 (build 106)
Assembler:       Armasm.exe V5.05 update 1 (build 106)
Linker/Locator:  ArmLink.exe V5.05 update 1 (build 106)
Library Manager: ArmAr.exe V5.05 update 1 (build 106)
Hex Converter:   FromElf.exe V5.05 update 1 (build 106)
CPU DLL:         SARMCM3.DLL V5.14.0.0
Dialog DLL:      DCM.DLL V1.13.1.0
Target DLL:      UL2CM3.DLL V1.155.0.0
Dialog DLL:      TCM.DLL V1.14.4.0
 
<h2>Project:</h2>
D:\CodeStorage\Relta\mdk\Relta.uvprojx
Project File Date:  05/11/2020

<h2>Output:</h2>
Rebuild target 'RELTA'
assembling startup_stm32f40_41xxx.s...
compiling delay.c...
compiling stm32f4xx_exti.c...
compiling stm32f4xx_gpio.c...
compiling stm32f4xx_rcc.c...
compiling stm32f4xx_syscfg.c...
compiling stm32f4xx_tim.c...
compiling stm32f4xx_usart.c...
compiling sys.c...
compiling bsp.c...
..\module\type.h(6): warning:  #14-D: extra text after expected end of preprocessing directive
  #undef  SQ(x)
..\module\type.h(90): error:  #101: "RESET" has already been declared in the current scope
      RESET,
..\module\type.h(91): error:  #101: "ERROR" has already been declared in the current scope
      ERROR
..\module\type.h(102): warning:  #1-D: last line of file ends without a newline
  #endif
..\module\config.h(127): warning:  #1-D: last line of file ends without a newline
  #endif
..\module\buffer.h(35): warning:  #1-D: last line of file ends without a newline
  #endif
..\module\bsp.h(144): warning:  #1-D: last line of file ends without a newline
  #endif
..\module\bsp.c(112): error:  #268: declaration may not appear after executable statement in block
      uint16_t psc = 84000000/(stepperX->freq*stepperX->arr);
..\module\bsp.c(243): warning:  #1293-D: assignment in condition
      for (i=0;i=len;i++)
..\module\bsp.c: 6 warnings, 3 errors
compiling buffer.c...
..\module\type.h(6): warning:  #14-D: extra text after expected end of preprocessing directive
  #undef  SQ(x)
..\module\type.h(90): error:  #101: "RESET" has already been declared in the current scope
      RESET,
..\module\type.h(91): error:  #101: "ERROR" has already been declared in the current scope
      ERROR
..\module\type.h(102): warning:  #1-D: last line of file ends without a newline
  #endif
..\module\config.h(127): warning:  #1-D: last line of file ends without a newline
  #endif
..\module\buffer.h(35): warning:  #1-D: last line of file ends without a newline
  #endif
..\module\buffer.c(5): error:  #20: identifier "NULL" is undefined
      gcode_buff->head = NULL;
..\module\buffer.c(12): warning:  #223-D: function "malloc" declared implicitly
      gcode_node_t *p = (gcode_node_t*)malloc(sizeof(gcode_node_t));
..\module\buffer.c(19): error:  #20: identifier "NULL" is undefined
      p->next = NULL;
..\module\buffer.c(40): warning:  #223-D: function "Gcode_Buffer_Remove" declared implicitly
      Gcode_Buffer_Remove(gcode_buff);
..\module\buffer.c(45): warning:  #223-D: function "Gcode_Buffer_Init" declared implicitly
      if(gcode_buff->length == 1) Gcode_Buffer_Init(gcode_buff);
..\module\buffer.c(49): warning:  #223-D: function "free" declared implicitly
          free(gcode_buff->head);
..\module\buffer.c(59): error:  #254: type name is not allowed
      for (uint32_t i=0;i=len;i++)
..\module\buffer.c(59): error:  #65: expected a ";"
      for (uint32_t i=0;i=len;i++)
..\module\buffer.c(59): error:  #20: identifier "i" is undefined
      for (uint32_t i=0;i=len;i++)
..\module\buffer.c(67): error:  #20: identifier "NULL" is undefined
      block->head = NULL;
..\module\buffer.c(76): error:  #513: a value of type "block_t *" cannot be assigned to an entity of type "block_t"
      ring_buff->Block_Buff[ring_buff->tail] = block;
..\module\buffer.c(89): warning:  #940-D: missing return statement at end of non-void function "Block_Buff_Read"
  }
..\module\buffer.c(102): error:  #20: identifier "NULL" is undefined
      uart_buff->head = NULL;
..\module\buffer.c(121): warning:  #111-D: statement is unreachable
      uart_buff->head = (uart_buff->head+1)%RINGBUFF_LEN;
..\module\buffer.c(146): warning:  #174-D: expression has no effect
      for (cha;cha<='0'||cha>='9';cha = Uart_Buff_Read(uart_buff))
..\module\buffer.c(148): warning:  #223-D: function "Ascii" declared implicitly
          result = result*10.0f+Ascii(cha);
..\module\buffer.c(150): warning:  #187-D: use of "=" where "==" may have been intended
      if (cha = '.')
..\module\buffer.c(153): error:  #29: expected an expression
          for (float i = -1.0f;cha<='0'||cha>='9';cha = Uart_Buff_Read(uart_buff))
..\module\buffer.c(155): warning:  #223-D: function "Ascii" declared implicitly
              result = result + Ascii(cha)*E(i);
..\module\buffer.c(155): error:  #20: identifier "i" is undefined
              result = result + Ascii(cha)*E(i);
..\module\buffer.c(161): warning:  #1-D: last line of file ends without a newline
  }
..\module\buffer.c: 15 warnings, 12 errors
compiling delta.c...
..\module\type.h(6): warning:  #14-D: extra text after expected end of preprocessing directive
  #undef  SQ(x)
..\module\type.h(90): error:  #101: "RESET" has already been declared in the current scope
      RESET,
..\module\type.h(91): error:  #101: "ERROR" has already been declared in the current scope
      ERROR
..\module\type.h(102): warning:  #1-D: last line of file ends without a newline
  #endif
..\module\config.h(127): warning:  #1-D: last line of file ends without a newline
  #endif
..\module\delta.h(28): warning:  #1-D: last line of file ends without a newline
  #endif
..\module\delta.c(15): error:  #59: function call is not allowed in a constant expression
      float vz32[3] = {x2-x3, y2-y3, abc[1]-abc[2]};
..\module\delta.c(15): error:  #59: function call is not allowed in a constant expression
      float vz32[3] = {x2-x3, y2-y3, abc[1]-abc[2]};
..\module\delta.c(15): error:  #59: function call is not allowed in a constant expression
      float vz32[3] = {x2-x3, y2-y3, abc[1]-abc[2]};
..\module\delta.c(15): error:  #59: function call is not allowed in a constant expression
      float vz32[3] = {x2-x3, y2-y3, abc[1]-abc[2]};
..\module\delta.c(15): error:  #28: expression must have a constant value
      float vz32[3] = {x2-x3, y2-y3, abc[1]-abc[2]};
..\module\delta.c(15): error:  #28: expression must have a constant value
      float vz32[3] = {x2-x3, y2-y3, abc[1]-abc[2]};
..\module\delta.c(19): error:  #28: expression must have a constant value
      float vX[3] = {vz32[0]*INV(d),vz32[1]*INV(d),vz32[2]*INV(d)};//x axis in new coordinate
..\module\delta.c(19): error:  #28: expression must have a constant value
      float vX[3] = {vz32[0]*INV(d),vz32[1]*INV(d),vz32[2]*INV(d)};//x axis in new coordinate
..\module\delta.c(19): error:  #28: expression must have a constant value
      float vX[3] = {vz32[0]*INV(d),vz32[1]*INV(d),vz32[2]*INV(d)};//x axis in new coordinate
..\module\delta.c(19): error:  #28: expression must have a constant value
      float vX[3] = {vz32[0]*INV(d),vz32[1]*INV(d),vz32[2]*INV(d)};//x axis in new coordinate
..\module\delta.c(19): error:  #28: expression must have a constant value
      float vX[3] = {vz32[0]*INV(d),vz32[1]*INV(d),vz32[2]*INV(d)};//x axis in new coordinate
..\module\delta.c(19): error:  #28: expression must have a constant value
      float vX[3] = {vz32[0]*INV(d),vz32[1]*INV(d),vz32[2]*INV(d)};//x axis in new coordinate
..\module\delta.c(21): error:  #59: function call is not allowed in a constant expression
      float vz31[3] = {x1 - x3,y1 - y3,abc[0] - abc[2]};
..\module\delta.c(21): error:  #59: function call is not allowed in a constant expression
      float vz31[3] = {x1 - x3,y1 - y3,abc[0] - abc[2]};
..\module\delta.c(21): error:  #59: function call is not allowed in a constant expression
      float vz31[3] = {x1 - x3,y1 - y3,abc[0] - abc[2]};
..\module\delta.c(21): error:  #59: function call is not allowed in a constant expression
      float vz31[3] = {x1 - x3,y1 - y3,abc[0] - abc[2]};
..\module\delta.c(21): error:  #28: expression must have a constant value
      float vz31[3] = {x1 - x3,y1 - y3,abc[0] - abc[2]};
..\module\delta.c(21): error:  #28: expression must have a constant value
      float vz31[3] = {x1 - x3,y1 - y3,abc[0] - abc[2]};
..\module\delta.c(25): error:  #28: expression must have a constant value
      float vi[3] = {vX[0]*i,vX[1]*i,vX[2]*i};
..\module\delta.c(25): error:  #28: expression must have a constant value
      float vi[3] = {vX[0]*i,vX[1]*i,vX[2]*i};
..\module\delta.c(25): error:  #28: expression must have a constant value
      float vi[3] = {vX[0]*i,vX[1]*i,vX[2]*i};
..\module\delta.c(25): error:  #28: expression must have a constant value
      float vi[3] = {vX[0]*i,vX[1]*i,vX[2]*i};
..\module\delta.c(25): error:  #28: expression must have a constant value
      float vi[3] = {vX[0]*i,vX[1]*i,vX[2]*i};
..\module\delta.c(25): error:  #28: expression must have a constant value
      float vi[3] = {vX[0]*i,vX[1]*i,vX[2]*i};
..\module\delta.c(27): error:  #28: expression must have a constant value
      float vj[3] = {vz31[0]-vi[0],vz31[1]-vi[1],vz31[2]-vi[2]};
..\module\delta.c(27): error:  #28: expression must have a constant value
      float vj[3] = {vz31[0]-vi[0],vz31[1]-vi[1],vz31[2]-vi[2]};
..\module\delta.c(27): error:  #28: expression must have a constant value
      float vj[3] = {vz31[0]-vi[0],vz31[1]-vi[1],vz31[2]-vi[2]};
..\module\delta.c(27): error:  #28: expression must have a constant value
      float vj[3] = {vz31[0]-vi[0],vz31[1]-vi[1],vz31[2]-vi[2]};
..\module\delta.c: 4 warnings, 30 errors
compiling gcode.c...
..\module\type.h(6): warning:  #14-D: extra text after expected end of preprocessing directive
  #undef  SQ(x)
..\module\type.h(90): error:  #101: "RESET" has already been declared in the current scope
      RESET,
..\module\type.h(91): error:  #101: "ERROR" has already been declared in the current scope
      ERROR
..\module\type.h(102): warning:  #1-D: last line of file ends without a newline
  #endif
..\module\config.h(127): warning:  #1-D: last line of file ends without a newline
  #endif
..\module\buffer.h(35): warning:  #1-D: last line of file ends without a newline
  #endif
..\module\bsp.h(144): warning:  #1-D: last line of file ends without a newline
  #endif
..\module\gcode.h(41): warning:  #1-D: last line of file ends without a newline
  #endif
..\module\gcode.c(21): warning:  #940-D: missing return statement at end of non-void function "Ascii"
  }
..\module\gcode.c(32): warning:  #174-D: expression has no effect
      for(key;key==0x0d||uart_buff->length==0;key=Uart_Buff_Read(uart_buff))
..\module\gcode.c(53): error:  #167: argument of type "gcode_list_t **" is incompatible with parameter of type "gcode_list_t *"
      Gcode_Buff_Write(&gcode_list,&gcode_node);
..\module\gcode.c: 8 warnings, 3 errors
compiling motion.c...
..\module\type.h(6): warning:  #14-D: extra text after expected end of preprocessing directive
  #undef  SQ(x)
..\module\type.h(90): error:  #101: "RESET" has already been declared in the current scope
      RESET,
..\module\type.h(91): error:  #101: "ERROR" has already been declared in the current scope
      ERROR
..\module\type.h(102): warning:  #1-D: last line of file ends without a newline
  #endif
..\module\config.h(127): warning:  #1-D: last line of file ends without a newline
  #endif
..\module\buffer.h(35): warning:  #1-D: last line of file ends without a newline
  #endif
..\module\bsp.h(144): warning:  #1-D: last line of file ends without a newline
  #endif
..\module\motion.h(204): warning:  #1-D: last line of file ends without a newline
  #endif
..\module\motion.c(18): error:  #167: argument of type "int32_t *" is incompatible with parameter of type "int16_t *"
      Min_Max(&dx,&dy,&dz,&da,&db,&dc);
..\module\motion.c(18): error:  #167: argument of type "int32_t *" is incompatible with parameter of type "int16_t *"
      Min_Max(&dx,&dy,&dz,&da,&db,&dc);
..\module\motion.c(18): error:  #167: argument of type "int32_t *" is incompatible with parameter of type "int16_t *"
      Min_Max(&dx,&dy,&dz,&da,&db,&dc);
..\module\motion.c(18): error:  #167: argument of type "int32_t *" is incompatible with parameter of type "int16_t *"
      Min_Max(&dx,&dy,&dz,&da,&db,&dc);
..\module\motion.c(18): error:  #167: argument of type "int32_t *" is incompatible with parameter of type "int16_t *"
      Min_Max(&dx,&dy,&dz,&da,&db,&dc);
..\module\motion.c(18): error:  #167: argument of type "int32_t *" is incompatible with parameter of type "int16_t *"
      Min_Max(&dx,&dy,&dz,&da,&db,&dc);
..\module\motion.c(20): error:  #268: declaration may not appear after executable statement in block
      uint32_t len_traj = abs(da);
..\module\motion.c(22): error:  #268: declaration may not appear after executable statement in block
      uint8_t case_path;
..\module\motion.c(24): error:  #268: declaration may not appear after executable statement in block
      int32_t traj[len_traj][3][2];
..\module\motion.c(24): error:  #28: expression must have a constant value
      int32_t traj[len_traj][3][2];
..\module\motion.c(87): error:  #167: argument of type "int16_t *" is incompatible with parameter of type "int"
      if (abs(dx)>=abs(dy))
..\module\motion.c(87): error:  #167: argument of type "int16_t *" is incompatible with parameter of type "int"
      if (abs(dx)>=abs(dy))
..\module\motion.c(89): error:  #167: argument of type "int16_t *" is incompatible with parameter of type "int"
          if (abs(dz)>abs(dx))
..\module\motion.c(89): error:  #167: argument of type "int16_t *" is incompatible with parameter of type "int"
          if (abs(dz)>abs(dx))
..\module\motion.c(98): error:  #167: argument of type "int16_t *" is incompatible with parameter of type "int"
              if (abs(dy)>=abs(dz))
..\module\motion.c(98): error:  #167: argument of type "int16_t *" is incompatible with parameter of type "int"
              if (abs(dy)>=abs(dz))
..\module\motion.c(108): error:  #167: argument of type "int16_t *" is incompatible with parameter of type "int"
          if (abs(dz)>abs(dy))
..\module\motion.c(108): error:  #167: argument of type "int16_t *" is incompatible with parameter of type "int"
          if (abs(dz)>abs(dy))
..\module\motion.c(117): error:  #167: argument of type "int16_t *" is incompatible with parameter of type "int"
              if (abs(dx)>=abs(dz))
..\module\motion.c(117): error:  #167: argument of type "int16_t *" is incompatible with parameter of type "int"
              if (abs(dx)>=abs(dz))
..\module\motion.c(85): warning:  #550-D: parameter "da" was set but never used
  void Min_Max(int16_t* dx, int16_t* dy, int16_t* dz, int16_t* da, int16_t* db, int16_t* dc)
..\module\motion.c(85): warning:  #550-D: parameter "db" was set but never used
  void Min_Max(int16_t* dx, int16_t* dy, int16_t* dz, int16_t* da, int16_t* db, int16_t* dc)
..\module\motion.c(85): warning:  #550-D: parameter "dc" was set but never used
  void Min_Max(int16_t* dx, int16_t* dy, int16_t* dz, int16_t* da, int16_t* db, int16_t* dc)
..\module\motion.c(133): warning:  #1293-D: assignment in condition
      for(i=1;i=len;i++)
..\module\motion.c(139): warning:  #175-D: subscript out of range
          if(-5<dc*i%da<5)    traj[i][2][0] = traj[i-1][2][0];
..\module\motion.c(139): warning:  #175-D: subscript out of range
          if(-5<dc*i%da<5)    traj[i][2][0] = traj[i-1][2][0];
..\module\motion.c(140): warning:  #175-D: subscript out of range
          else if(dc>0)       traj[i][2][0] = traj[i-1][2][0]+1;
..\module\motion.c(140): warning:  #175-D: subscript out of range
          else if(dc>0)       traj[i][2][0] = traj[i-1][2][0]+1;
..\module\motion.c(141): warning:  #175-D: subscript out of range
          else                traj[i][2][0] = traj[i-1][2][0]-1;
..\module\motion.c(141): warning:  #175-D: subscript out of range
          else                traj[i][2][0] = traj[i-1][2][0]-1;
..\module\motion.c(145): warning:  #1293-D: assignment in condition
          for (i=1;i=len;i++)     traj[i][0][0] = traj[i-1][0][0] + 1;
..\module\motion.c(148): warning:  #1293-D: assignment in condition
          for (i=1;i=len;i++)     traj[i][0][0] = traj[i-1][0][0] - 1;
..\module\motion.c(159): warning:  #1293-D: assignment in condition
          for (i=0;i=len;i++)
..\module\motion.c(161): warning:  #175-D: subscript out of range
              xyz[1] = traj[i][2][0];
..\module\motion.c(164): warning:  #175-D: subscript out of range
              traj[i][2][0] = xyz[2];
..\module\motion.c(168): warning:  #1293-D: assignment in condition
          for (i=0;i=len;i++)
..\module\motion.c(177): warning:  #1293-D: assignment in condition
          for (i=0;i=len;i++)
..\module\motion.c(179): warning:  #175-D: subscript out of range
              xyz[0] = traj[i][2][0];
..\module\motion.c(184): warning:  #175-D: subscript out of range
              traj[i][2][0] = xyz[2];
..\module\motion.c(188): warning:  #1293-D: assignment in condition
          for (i=0;i=len;i++)
..\module\motion.c(190): warning:  #175-D: subscript out of range
              xyz[0] = traj[i][2][0];
..\module\motion.c(195): warning:  #175-D: subscript out of range
              traj[i][2][0] = xyz[2];
..\module\motion.c(199): warning:  #1293-D: assignment in condition
          for (i=0;i=len;i++)
..\module\motion.c(201): warning:  #175-D: subscript out of range
              xyz[0] = traj[i][2][0];
..\module\motion.c(204): warning:  #175-D: subscript out of range
              traj[i][2][0] = xyz[2];
..\module\motion.c(220): error:  #268: declaration may not appear after executable statement in block
      int32_t xy_p[2];//arc pivot
..\module\motion.c(224): error:  #268: declaration may not appear after executable statement in block
      int32_t xy_t_s = {(int32_t)((xyz_t[0]*10.0)-xy_p[0]),
..\module\motion.c(224): warning:  #1035-D: single-precision operand implicitly converted to double-precision
      int32_t xy_t_s = {(int32_t)((xyz_t[0]*10.0)-xy_p[0]),
..\module\motion.c(225): warning:  #1035-D: single-precision operand implicitly converted to double-precision
                      (int32_t)((xyz_t[1]*10.0)-xy_p[1])};
..\module\motion.c(225): error:  #146: too many initializer values
                      (int32_t)((xyz_t[1]*10.0)-xy_p[1])};
..\module\motion.c(227): error:  #268: declaration may not appear after executable statement in block
      int32_t xy_c_s = {(int32_t)((xyz_c[0]*10.0)-xy_p[0]),
..\module\motion.c(227): warning:  #1035-D: single-precision operand implicitly converted to double-precision
      int32_t xy_c_s = {(int32_t)((xyz_c[0]*10.0)-xy_p[0]),
..\module\motion.c(228): warning:  #1035-D: single-precision operand implicitly converted to double-precision
                      (int32_t)((xyz_c[1]*10.0)-xy_p[1])};
..\module\motion.c(228): error:  #146: too many initializer values
                      (int32_t)((xyz_c[1]*10.0)-xy_p[1])};
..\module\motion.c(231): error:  #268: declaration may not appear after executable statement in block
      uint8_t s_t = Get_Sector(xy_t_s);
..\module\motion.c(231): error:  #167: argument of type "int32_t" is incompatible with parameter of type "int32_t *"
      uint8_t s_t = Get_Sector(xy_t_s);
..\module\motion.c(232): error:  #268: declaration may not appear after executable statement in block
      uint8_t s_c = Get_Sector(xy_c_s);
..\module\motion.c: 35 warnings, 30 errors
compiling planner.c...
..\module\type.h(6): warning:  #14-D: extra text after expected end of preprocessing directive
  #undef  SQ(x)
..\module\type.h(102): warning:  #1-D: last line of file ends without a newline
  #endif
..\user\LDR_v0.2\stm32f4xx.h(510): error:  #101: "RESET" has already been declared in the current scope
  typedef enum {RESET = 0, SET = !RESET} FlagStatus, ITStatus;
..\user\LDR_v0.2\stm32f4xx.h(515): error:  #101: "ERROR" has already been declared in the current scope
  typedef enum {ERROR = 0, SUCCESS = !ERROR} ErrorStatus;
..\module\config.h(127): warning:  #1-D: last line of file ends without a newline
  #endif
..\module\buffer.h(35): warning:  #1-D: last line of file ends without a newline
  #endif
..\module\bsp.h(144): warning:  #1-D: last line of file ends without a newline
  #endif
..\module\planner.h(16): warning:  #47-D: incompatible redefinition of macro "ARR" (declared at line 92 of "..\module\config.h")
  #define ARR     84-1
..\module\planner.h(18): warning:  #47-D: incompatible redefinition of macro "START" (declared at line 16 of "..\module\bsp.h")
  #define START    ARR/2
..\module\planner.h(73): warning:  #1-D: last line of file ends without a newline
  #endif
..\module\delta.h(28): warning:  #1-D: last line of file ends without a newline
  #endif
..\module\bsp.h(16): warning:  #47-D: incompatible redefinition of macro "START" (declared at line 18 of "..\module\planner.h")
  #define START   1
..\module\bsp.h(62): error:  #256: invalid redeclaration of type name "stepper_t" (declared at line 62)
  }stepper_t;
..\module\bsp.h(70): error:  #147-D: declaration is incompatible with "void Bsp_Stepper_Init(stepper_t *)" (declared at line 70)
  void Bsp_Stepper_Init(stepper_t* stepperX);
..\module\bsp.h(77): error:  #147-D: declaration is incompatible with "void Bsp_Stepper_Update(stepper_t *)" (declared at line 77)
  void Bsp_Stepper_Update(stepper_t* stepperX);
..\module\bsp.h(89): error:  #256: invalid redeclaration of type name "monitor_t" (declared at line 89)
  }monitor_t;
..\module\bsp.h(91): error:  #147-D: declaration is incompatible with "void Bsp_Monitor_Init(monitor_t *)" (declared at line 91)
  void Bsp_Monitor_Init(monitor_t* monitor);
..\module\bsp.h(119): error:  #256: invalid redeclaration of type name "switch_t" (declared at line 119)
  }switch_t;
..\module\bsp.h(121): error:  #147-D: declaration is incompatible with "void Bsp_Switch_Init(switch_t *)" (declared at line 121)
  void Bsp_Switch_Init(switch_t* switchX);
..\module\bsp.h(132): error:  #256: invalid redeclaration of type name "led_t" (declared at line 132)
  }led_t;
..\module\bsp.h(134): error:  #147-D: declaration is incompatible with "void Bsp_LED_Init(led_t *)" (declared at line 134)
  void Bsp_LED_Init(led_t* LEDX);
..\module\bsp.h(136): error:  #147-D: declaration is incompatible with "void Bsp_LED_Update(led_t *)" (declared at line 136)
  void Bsp_LED_Update(led_t* LEDX);
..\module\bsp.h(144): warning:  #1-D: last line of file ends without a newline
  #endif
..\module\motion.h(204): warning:  #1-D: last line of file ends without a newline
  #endif
..\module\planner.c(6): error:  #147-D: declaration is incompatible with "void Acc_Planner(block_t *, stepper_t *, stepper_t *, stepper_t *, int32_t *, int32_t *)" (declared at line 34 of "..\module\planner.h")
  void Acc_Planner(block_t* block, stepper_t* stepperI, stepper_t* stepperJ, stepper_t* stepperK, int32_t* acc1, int32_t* acc2)
..\module\planner.c(13): warning:  #174-D: expression has no effect
      if (block->dir[0]==stepperI->dir)   v_entr[0]==stepperI->freq;
..\module\planner.c(14): warning:  #174-D: expression has no effect
      else                                v_entr[0]==0;
..\module\planner.c(16): warning:  #174-D: expression has no effect
      if (block->dir[1]==stepperJ->dir)   v_entr[1]==stepperJ->freq;
..\module\planner.c(17): warning:  #174-D: expression has no effect
      else                                v_entr[1]==0;
..\module\planner.c(19): warning:  #174-D: expression has no effect
      if (block->dir[2]==stepperK->dir)   v_entr[2]==stepperK->freq;
..\module\planner.c(20): warning:  #174-D: expression has no effect
      else                                v_entr[2]==0;
..\module\planner.c(22): warning:  #174-D: expression has no effect
      if (block->freq[0]>JERK_FREQ)       v_out[0]==JERK_FREQ;
..\module\planner.c(23): warning:  #174-D: expression has no effect
      else                                v_out[0]==block->freq[0];
..\module\planner.c(25): warning:  #174-D: expression has no effect
      if (block->freq[1]>JERK_FREQ)       v_out[1]==JERK_FREQ;
..\module\planner.c(26): warning:  #174-D: expression has no effect
      else                                v_out[1]==block->freq[1];
..\module\planner.c(28): warning:  #174-D: expression has no effect
      if (block->freq[2]>JERK_FREQ)       v_out[2]==JERK_FREQ;
..\module\planner.c(29): warning:  #174-D: expression has no effect
      else                                v_out[2]==block->freq[2];
..\module\planner.c(32): error:  #268: declaration may not appear after executable statement in block
      int32_t s[3] = {block->step[0],block->step[1],block->step[2]};
..\module\planner.c(32): error:  #28: expression must have a constant value
      int32_t s[3] = {block->step[0],block->step[1],block->step[2]};
..\module\planner.c(32): error:  #28: expression must have a constant value
      int32_t s[3] = {block->step[0],block->step[1],block->step[2]};
..\module\planner.c(32): error:  #28: expression must have a constant value
      int32_t s[3] = {block->step[0],block->step[1],block->step[2]};
..\module\planner.c(36): error:  #268: declaration may not appear after executable statement in block
      int32_t t_acc2[3] = {v_out-block->freq[0]*STEPPER_RES/SQ(MAX_FREQ),
..\module\planner.c(36): error:  #101: "t_acc2" has already been declared in the current scope
      int32_t t_acc2[3] = {v_out-block->freq[0]*STEPPER_RES/SQ(MAX_FREQ),
..\module\planner.c(36): error:  #28: expression must have a constant value
      int32_t t_acc2[3] = {v_out-block->freq[0]*STEPPER_RES/SQ(MAX_FREQ),
..\module\planner.c(36): error:  #28: expression must have a constant value
      int32_t t_acc2[3] = {v_out-block->freq[0]*STEPPER_RES/SQ(MAX_FREQ),
..\module\planner.c(37): error:  #28: expression must have a constant value
                          v_out-block->freq[0]*STEPPER_RES/SQ(MAX_FREQ),
..\module\planner.c(37): error:  #28: expression must have a constant value
                          v_out-block->freq[0]*STEPPER_RES/SQ(MAX_FREQ),
..\module\planner.c(38): error:  #28: expression must have a constant value
                          v_out-block->freq[0]*STEPPER_RES/SQ(MAX_FREQ)};
..\module\planner.c(38): error:  #28: expression must have a constant value
                          v_out-block->freq[0]*STEPPER_RES/SQ(MAX_FREQ)};
..\module\planner.c(41): error:  #268: declaration may not appear after executable statement in block
      int32_t s_acc2[3] = {(block->freq[0]+v_out[0])*abs(t_acc2[0])/2,
..\module\planner.c(41): error:  #28: expression must have a constant value
      int32_t s_acc2[3] = {(block->freq[0]+v_out[0])*abs(t_acc2[0])/2,
..\module\planner.c(41): error:  #28: expression must have a constant value
      int32_t s_acc2[3] = {(block->freq[0]+v_out[0])*abs(t_acc2[0])/2,
..\module\planner.c(41): error:  #20: identifier "abs" is undefined
      int32_t s_acc2[3] = {(block->freq[0]+v_out[0])*abs(t_acc2[0])/2,
..\module\planner.c(41): error:  #59: function call is not allowed in a constant expression
      int32_t s_acc2[3] = {(block->freq[0]+v_out[0])*abs(t_acc2[0])/2,
..\module\planner.c: 24 warnings, 30 errors
compiling main.c...
..\module\type.h(6): warning:  #14-D: extra text after expected end of preprocessing directive
  #undef  SQ(x)
..\module\type.h(90): error:  #101: "RESET" has already been declared in the current scope
      RESET,
..\module\type.h(91): error:  #101: "ERROR" has already been declared in the current scope
      ERROR
..\module\type.h(102): warning:  #1-D: last line of file ends without a newline
  #endif
..\module\config.h(127): warning:  #1-D: last line of file ends without a newline
  #endif
..\module\buffer.h(35): warning:  #1-D: last line of file ends without a newline
  #endif
..\module\bsp.h(144): warning:  #1-D: last line of file ends without a newline
  #endif
..\module\motion.h(204): warning:  #1-D: last line of file ends without a newline
  #endif
..\module\bsp.h(62): error:  #256: invalid redeclaration of type name "stepper_t" (declared at line 62)
  }stepper_t;
..\module\bsp.h(70): error:  #147-D: declaration is incompatible with "void Bsp_Stepper_Init(stepper_t *)" (declared at line 70)
  void Bsp_Stepper_Init(stepper_t* stepperX);
..\module\bsp.h(77): error:  #147-D: declaration is incompatible with "void Bsp_Stepper_Update(stepper_t *)" (declared at line 77)
  void Bsp_Stepper_Update(stepper_t* stepperX);
..\module\bsp.h(89): error:  #256: invalid redeclaration of type name "monitor_t" (declared at line 89)
  }monitor_t;
..\module\bsp.h(91): error:  #147-D: declaration is incompatible with "void Bsp_Monitor_Init(monitor_t *)" (declared at line 91)
  void Bsp_Monitor_Init(monitor_t* monitor);
..\module\bsp.h(119): error:  #256: invalid redeclaration of type name "switch_t" (declared at line 119)
  }switch_t;
..\module\bsp.h(121): error:  #147-D: declaration is incompatible with "void Bsp_Switch_Init(switch_t *)" (declared at line 121)
  void Bsp_Switch_Init(switch_t* switchX);
..\module\bsp.h(132): error:  #256: invalid redeclaration of type name "led_t" (declared at line 132)
  }led_t;
..\module\bsp.h(134): error:  #147-D: declaration is incompatible with "void Bsp_LED_Init(led_t *)" (declared at line 134)
  void Bsp_LED_Init(led_t* LEDX);
..\module\bsp.h(136): error:  #147-D: declaration is incompatible with "void Bsp_LED_Update(led_t *)" (declared at line 136)
  void Bsp_LED_Update(led_t* LEDX);
..\module\bsp.h(144): warning:  #1-D: last line of file ends without a newline
  #endif
..\module\gcode.h(41): warning:  #1-D: last line of file ends without a newline
  #endif
..\module\bsp.h(62): error:  #256: invalid redeclaration of type name "stepper_t" (declared at line 62)
  }stepper_t;
..\module\bsp.h(70): error:  #147-D: declaration is incompatible with "void Bsp_Stepper_Init(stepper_t *)" (declared at line 70)
  void Bsp_Stepper_Init(stepper_t* stepperX);
..\module\bsp.h(77): error:  #147-D: declaration is incompatible with "void Bsp_Stepper_Update(stepper_t *)" (declared at line 77)
  void Bsp_Stepper_Update(stepper_t* stepperX);
..\module\bsp.h(89): error:  #256: invalid redeclaration of type name "monitor_t" (declared at line 89)
  }monitor_t;
..\module\bsp.h(91): error:  #147-D: declaration is incompatible with "void Bsp_Monitor_Init(monitor_t *)" (declared at line 91)
  void Bsp_Monitor_Init(monitor_t* monitor);
..\module\bsp.h(119): error:  #256: invalid redeclaration of type name "switch_t" (declared at line 119)
  }switch_t;
..\module\bsp.h(121): error:  #147-D: declaration is incompatible with "void Bsp_Switch_Init(switch_t *)" (declared at line 121)
  void Bsp_Switch_Init(switch_t* switchX);
..\module\bsp.h(132): error:  #256: invalid redeclaration of type name "led_t" (declared at line 132)
  }led_t;
..\module\bsp.h(134): error:  #147-D: declaration is incompatible with "void Bsp_LED_Init(led_t *)" (declared at line 134)
  void Bsp_LED_Init(led_t* LEDX);
..\module\bsp.h(136): error:  #147-D: declaration is incompatible with "void Bsp_LED_Update(led_t *)" (declared at line 136)
  void Bsp_LED_Update(led_t* LEDX);
..\module\bsp.h(144): warning:  #1-D: last line of file ends without a newline
  #endif
..\module\planner.h(16): warning:  #47-D: incompatible redefinition of macro "ARR" (declared at line 92 of "..\module\config.h")
  #define ARR     84-1
..\module\planner.h(18): warning:  #47-D: incompatible redefinition of macro "START" (declared at line 16 of "..\module\bsp.h")
  #define START    ARR/2
..\module\planner.h(73): warning:  #1-D: last line of file ends without a newline
  #endif
..\module\bsp.h(16): warning:  #47-D: incompatible redefinition of macro "START" (declared at line 18 of "..\module\planner.h")
  #define START   1
..\module\bsp.h(62): error:  #256: invalid redeclaration of type name "stepper_t" (declared at line 62)
  }stepper_t;
..\module\bsp.h(70): error:  #147-D: declaration is incompatible with "void Bsp_Stepper_Init(stepper_t *)" (declared at line 70)
  void Bsp_Stepper_Init(stepper_t* stepperX);
..\module\bsp.h(77): error:  #147-D: declaration is incompatible with "void Bsp_Stepper_Update(stepper_t *)" (declared at line 77)
  void Bsp_Stepper_Update(stepper_t* stepperX);
..\module\bsp.h(89): error:  #256: invalid redeclaration of type name "monitor_t" (declared at line 89)
  }monitor_t;
..\module\bsp.h(91): error:  #147-D: declaration is incompatible with "void Bsp_Monitor_Init(monitor_t *)" (declared at line 91)
  void Bsp_Monitor_Init(monitor_t* monitor);
..\module\bsp.h(119): error:  #256: invalid redeclaration of type name "switch_t" (declared at line 119)
  }switch_t;
..\module\bsp.h(121): error:  #147-D: declaration is incompatible with "void Bsp_Switch_Init(switch_t *)" (declared at line 121)
  void Bsp_Switch_Init(switch_t* switchX);
..\module\bsp.h(132): error:  #256: invalid redeclaration of type name "led_t" (declared at line 132)
  }led_t;
..\user\LDR_v0.2\main.c: 13 warnings, 30 errors
compiling stm32f4xx_it.c...
compiling system_stm32f4xx.c...
".\Objects\Relta.axf" - 138 Error(s), 105 Warning(s).

<h2>Collection of Component include folders:</h2>
  D:\CodeStorage\Relta\mdk\RTE
  C:\Keil_v5\ARM\PACK\Keil\STM32F4xx_DFP\1.0.8\Device\Include

<h2>Collection of Component Files used:</h2>
Target not created.
</pre>
</body>
</html>
